   1               		.file	"USBInterrupt.c"
   2               	__SREG__ = 0x3f
   3               	__SP_H__ = 0x3e
   4               	__SP_L__ = 0x3d
   5               	__CCP__  = 0x34
   6               	__tmp_reg__ = 0
   7               	__zero_reg__ = 1
  15               	.Ltext0:
  16               		.section	.text.USB_INT_DisableAllInterrupts,"ax",@progbits
  17               	.global	USB_INT_DisableAllInterrupts
  19               	USB_INT_DisableAllInterrupts:
  20               	.LFB28:
  21               	.LSM0:
  22               	/* prologue: function */
  23               	/* frame size = 0 */
  24               	.LSM1:
  25 0000 E8ED      		ldi r30,lo8(216)
  26 0002 F0E0      		ldi r31,hi8(216)
  27 0004 8081      		ld r24,Z
  28 0006 8C7F      		andi r24,lo8(-4)
  29 0008 8083      		st Z,r24
  30               	.LSM2:
  31 000a 1092 E200 		sts 226,__zero_reg__
  32               	/* epilogue start */
  33               	.LSM3:
  34 000e 0895      		ret
  35               	.LFE28:
  37               		.section	.text.USB_INT_ClearAllInterrupts,"ax",@progbits
  38               	.global	USB_INT_ClearAllInterrupts
  40               	USB_INT_ClearAllInterrupts:
  41               	.LFB29:
  42               	.LSM4:
  43               	/* prologue: function */
  44               	/* frame size = 0 */
  45               	.LSM5:
  46 0000 1092 DA00 		sts 218,__zero_reg__
  47               	.LSM6:
  48 0004 1092 E100 		sts 225,__zero_reg__
  49               	/* epilogue start */
  50               	.LSM7:
  51 0008 0895      		ret
  52               	.LFE29:
  54               		.section	.text.__vector_10,"ax",@progbits
  55               	.global	__vector_10
  57               	__vector_10:
  58               	.LFB30:
  59               	.LSM8:
  60 0000 1F92      		push __zero_reg__
  61 0002 0F92      		push r0
  62 0004 0FB6      		in r0,__SREG__
  63 0006 0F92      		push r0
  64 0008 0BB6      		in r0,91-32
  65 000a 0F92      		push r0
  66 000c 1124      		clr __zero_reg__
  67 000e 2F93      		push r18
  68 0010 3F93      		push r19
  69 0012 4F93      		push r20
  70 0014 5F93      		push r21
  71 0016 6F93      		push r22
  72 0018 7F93      		push r23
  73 001a 8F93      		push r24
  74 001c 9F93      		push r25
  75 001e AF93      		push r26
  76 0020 BF93      		push r27
  77 0022 EF93      		push r30
  78 0024 FF93      		push r31
  79               	/* prologue: Signal */
  80               	/* frame size = 0 */
  81               	.LSM9:
  82 0026 8091 DA00 		lds r24,218
  83 002a 80FF      		sbrs r24,0
  84 002c 00C0      		rjmp .L6
  85 002e 8091 D800 		lds r24,216
  86 0032 80FF      		sbrs r24,0
  87 0034 00C0      		rjmp .L6
  88               	.LSM10:
  89 0036 8091 DA00 		lds r24,218
  90 003a 8E7F      		andi r24,lo8(-2)
  91 003c 8093 DA00 		sts 218,r24
  92               	.LSM11:
  93 0040 8091 D900 		lds r24,217
  94 0044 80FF      		sbrs r24,0
  95 0046 00C0      		rjmp .L7
  96               	.LSM12:
  97 0048 81E0      		ldi r24,lo8(1)
  98 004a 8093 0000 		sts USB_DeviceState,r24
  99               	.LSM13:
 100 004e 0E94 0000 		call EVENT_USB_Device_Connect
 101 0052 00C0      		rjmp .L6
 102               	.L7:
 103               	.LSM14:
 104 0054 1092 0000 		sts USB_DeviceState,__zero_reg__
 105               	.LSM15:
 106 0058 0E94 0000 		call EVENT_USB_Device_Disconnect
 107               	.L6:
 108               	.LSM16:
 109 005c 8091 E100 		lds r24,225
 110 0060 80FF      		sbrs r24,0
 111 0062 00C0      		rjmp .L8
 112 0064 8091 E200 		lds r24,226
 113 0068 80FF      		sbrs r24,0
 114 006a 00C0      		rjmp .L8
 115               	.LSM17:
 116 006c 8091 E100 		lds r24,225
 117 0070 8E7F      		andi r24,lo8(-2)
 118 0072 8093 E100 		sts 225,r24
 119               	.LSM18:
 120 0076 8091 E200 		lds r24,226
 121 007a 8E7F      		andi r24,lo8(-2)
 122 007c 8093 E200 		sts 226,r24
 123               	.LSM19:
 124 0080 8091 E200 		lds r24,226
 125 0084 8061      		ori r24,lo8(16)
 126 0086 8093 E200 		sts 226,r24
 127               	.LSM20:
 128 008a 8091 D800 		lds r24,216
 129 008e 8062      		ori r24,lo8(32)
 130 0090 8093 D800 		sts 216,r24
 131               	.LSM21:
 132 0094 19BC      		out 73-32,__zero_reg__
 133               	.LSM22:
 134 0096 85E0      		ldi r24,lo8(5)
 135 0098 8093 0000 		sts USB_DeviceState,r24
 136               	.LSM23:
 137 009c 0E94 0000 		call EVENT_USB_Device_Suspend
 138               	.L8:
 139               	.LSM24:
 140 00a0 8091 E100 		lds r24,225
 141 00a4 84FF      		sbrs r24,4
 142 00a6 00C0      		rjmp .L9
 143 00a8 8091 E200 		lds r24,226
 144 00ac 84FF      		sbrs r24,4
 145 00ae 00C0      		rjmp .L9
 146               	.LSM25:
 147 00b0 8CE0      		ldi r24,lo8(12)
 148 00b2 89BD      		out 73-32,r24
 149 00b4 89B5      		in r24,73-32
 150 00b6 8260      		ori r24,lo8(2)
 151 00b8 89BD      		out 73-32,r24
 152               	.L10:
 153               	.LSM26:
 154 00ba 09B4      		in __tmp_reg__,73-32
 155 00bc 00FE      		sbrs __tmp_reg__,0
 156 00be 00C0      		rjmp .L10
 157               	.LSM27:
 158 00c0 8091 D800 		lds r24,216
 159 00c4 8F7D      		andi r24,lo8(-33)
 160 00c6 8093 D800 		sts 216,r24
 161               	.LSM28:
 162 00ca 8091 E100 		lds r24,225
 163 00ce 8F7E      		andi r24,lo8(-17)
 164 00d0 8093 E100 		sts 225,r24
 165               	.LSM29:
 166 00d4 8091 E200 		lds r24,226
 167 00d8 8F7E      		andi r24,lo8(-17)
 168 00da 8093 E200 		sts 226,r24
 169               	.LSM30:
 170 00de 8091 E200 		lds r24,226
 171 00e2 8160      		ori r24,lo8(1)
 172 00e4 8093 E200 		sts 226,r24
 173               	.LSM31:
 174 00e8 8091 0000 		lds r24,USB_ConfigurationNumber
 175 00ec 8823      		tst r24
 176 00ee 01F4      		brne .L11
 177 00f0 83E0      		ldi r24,lo8(3)
 178               	.LVL0:
 179 00f2 00C0      		rjmp .L12
 180               	.LVL1:
 181               	.L11:
 182 00f4 84E0      		ldi r24,lo8(4)
 183               	.LVL2:
 184               	.L12:
 185 00f6 8093 0000 		sts USB_DeviceState,r24
 186               	.LSM32:
 187 00fa 0E94 0000 		call EVENT_USB_Device_WakeUp
 188               	.LVL3:
 189               	.L9:
 190               	.LSM33:
 191 00fe 8091 E100 		lds r24,225
 192 0102 83FF      		sbrs r24,3
 193 0104 00C0      		rjmp .L13
 194 0106 8091 E200 		lds r24,226
 195 010a 83FF      		sbrs r24,3
 196 010c 00C0      		rjmp .L13
 197               	.LSM34:
 198 010e 8091 E100 		lds r24,225
 199 0112 877F      		andi r24,lo8(-9)
 200 0114 8093 E100 		sts 225,r24
 201               	.LSM35:
 202 0118 82E0      		ldi r24,lo8(2)
 203 011a 8093 0000 		sts USB_DeviceState,r24
 204               	.LSM36:
 205 011e 1092 0000 		sts USB_ConfigurationNumber,__zero_reg__
 206               	.LSM37:
 207 0122 8091 E100 		lds r24,225
 208 0126 8E7F      		andi r24,lo8(-2)
 209 0128 8093 E100 		sts 225,r24
 210               	.LSM38:
 211 012c 8091 E200 		lds r24,226
 212 0130 8E7F      		andi r24,lo8(-2)
 213 0132 8093 E200 		sts 226,r24
 214               	.LSM39:
 215 0136 8091 E200 		lds r24,226
 216 013a 8061      		ori r24,lo8(16)
 217 013c 8093 E200 		sts 226,r24
 218               	.LSM40:
 219 0140 0E94 0000 		call Endpoint_ClearEndpoints
 220               	.LSM41:
 221 0144 80E0      		ldi r24,lo8(0)
 222 0146 60E0      		ldi r22,lo8(0)
 223 0148 42E0      		ldi r20,lo8(2)
 224 014a 0E94 0000 		call Endpoint_ConfigureEndpoint_Prv
 225               	.LSM42:
 226 014e 0E94 0000 		call EVENT_USB_Device_Reset
 227               	.L13:
 228               	.LSM43:
 229 0152 8091 E100 		lds r24,225
 230 0156 82FF      		sbrs r24,2
 231 0158 00C0      		rjmp .L15
 232 015a 8091 E200 		lds r24,226
 233 015e 82FF      		sbrs r24,2
 234 0160 00C0      		rjmp .L15
 235               	.LSM44:
 236 0162 8091 E100 		lds r24,225
 237 0166 8B7F      		andi r24,lo8(-5)
 238 0168 8093 E100 		sts 225,r24
 239               	.LSM45:
 240 016c 0E94 0000 		call EVENT_USB_Device_StartOfFrame
 241               	.L15:
 242               	/* epilogue start */
 243               	.LSM46:
 244 0170 FF91      		pop r31
 245 0172 EF91      		pop r30
 246 0174 BF91      		pop r27
 247 0176 AF91      		pop r26
 248 0178 9F91      		pop r25
 249 017a 8F91      		pop r24
 250 017c 7F91      		pop r23
 251 017e 6F91      		pop r22
 252 0180 5F91      		pop r21
 253 0182 4F91      		pop r20
 254 0184 3F91      		pop r19
 255 0186 2F91      		pop r18
 256 0188 0F90      		pop r0
 257 018a 0BBE      		out 91-32,r0
 258 018c 0F90      		pop r0
 259 018e 0FBE      		out __SREG__,r0
 260 0190 0F90      		pop r0
 261 0192 1F90      		pop __zero_reg__
 262 0194 1895      		reti
 263               	.LFE30:
 305               	.Letext0:
DEFINED SYMBOLS
                            *ABS*:00000000 USBInterrupt.c
/var/folders/KW/KWwoW47UH6m3Y+J-oxx+lE+++TI/-Tmp-//ccUOFncL.s:2      *ABS*:0000003f __SREG__
/var/folders/KW/KWwoW47UH6m3Y+J-oxx+lE+++TI/-Tmp-//ccUOFncL.s:3      *ABS*:0000003e __SP_H__
/var/folders/KW/KWwoW47UH6m3Y+J-oxx+lE+++TI/-Tmp-//ccUOFncL.s:4      *ABS*:0000003d __SP_L__
/var/folders/KW/KWwoW47UH6m3Y+J-oxx+lE+++TI/-Tmp-//ccUOFncL.s:5      *ABS*:00000034 __CCP__
/var/folders/KW/KWwoW47UH6m3Y+J-oxx+lE+++TI/-Tmp-//ccUOFncL.s:6      *ABS*:00000000 __tmp_reg__
/var/folders/KW/KWwoW47UH6m3Y+J-oxx+lE+++TI/-Tmp-//ccUOFncL.s:7      *ABS*:00000001 __zero_reg__
/var/folders/KW/KWwoW47UH6m3Y+J-oxx+lE+++TI/-Tmp-//ccUOFncL.s:19     .text.USB_INT_DisableAllInterrupts:00000000 USB_INT_DisableAllInterrupts
/var/folders/KW/KWwoW47UH6m3Y+J-oxx+lE+++TI/-Tmp-//ccUOFncL.s:40     .text.USB_INT_ClearAllInterrupts:00000000 USB_INT_ClearAllInterrupts
/var/folders/KW/KWwoW47UH6m3Y+J-oxx+lE+++TI/-Tmp-//ccUOFncL.s:57     .text.__vector_10:00000000 __vector_10

UNDEFINED SYMBOLS
USB_DeviceState
EVENT_USB_Device_Connect
EVENT_USB_Device_Disconnect
EVENT_USB_Device_Suspend
USB_ConfigurationNumber
EVENT_USB_Device_WakeUp
Endpoint_ClearEndpoints
Endpoint_ConfigureEndpoint_Prv
EVENT_USB_Device_Reset
EVENT_USB_Device_StartOfFrame
